
**** Build of configuration Debug for project Shared ****

"C:\\TI\\ccsv6\\utils\\bin\\gmake" -k all 
gmake: Nothing to be done for 'all'.

**** Build Finished ****

**** Build of configuration Debug for project ServoControl ****

"C:\\TI\\ccsv6\\utils\\bin\\gmake" -k all 
'Building target: ServoControl.out'
'Invoking: MSP432 Linker'
"" -mv7M4 --code_state=16 --float_support=FPv4SPD16 -me --advice:power=all --define=__MSP432P401R__ --define=TARGET_IS_MSP432P4XX --define=ccs -g --gcc --diag_warning=225 --diag_wrap=off --display_error_number --abi=eabi -z -m"ServoControl.map" --heap_size=1024 --stack_size=2048 -i"/arm/include" -i"/lib" -i"/include" --reread_libs --diag_wrap=off --display_error_number --warn_sections --xml_link_info="ServoControl_linkInfo.xml" --rom_model -o "ServoControl.out" "./main.obj" "./startup_msp432p401r_ccs.obj" "./system_msp432p401r.obj" "../msp432p401r.cmd"  -llibc.a 
makefile:142: recipe for target 'ServoControl.out' failed
process_begin: CreateProcess(NULL, "" -mv7M4 --code_state=16 --float_support=FPv4SPD16 -me --advice:power=all --define=__MSP432P401R__ --define=TARGET_IS_MSP432P4XX --define=ccs -g --gcc --diag_warning=225 --diag_wrap=off --display_error_number --abi=eabi -z -mServoControl.map --heap_size=1024 --stack_size=2048 -i/arm/include -i/lib -i/include --reread_libs --diag_wrap=off --display_error_number --warn_sections --xml_link_info=ServoControl_linkInfo.xml --rom_model -o ServoControl.out ./main.obj ./startup_msp432p401r_ccs.obj ./system_msp432p401r.obj ../msp432p401r.cmd -llibc.a, ...) failed.
make (e=87): The parameter is incorrect.

gmake: *** [ServoControl.out] Error 87
gmake: Target 'all' not remade because of errors.

**** Build Finished ****

**** Build of configuration Debug for project Shared ****

"C:\\TI\\ccsv6\\utils\\bin\\gmake" -k all 
gmake: Nothing to be done for 'all'.

**** Build Finished ****

**** Build of configuration Debug for project UART ****

"C:\\TI\\ccsv6\\utils\\bin\\gmake" -k all 
'Building target: UART.out'
'Invoking: MSP432 Linker'
"" -mv7M4 --code_state=16 --float_support=FPv4SPD16 -me -Ooff --opt_for_speed=0 --fp_mode=strict --advice:power="all" --define=__MSP432P401R__ --define=TARGET_IS_MSP432P4XX --define=ccs -g --gcc --diag_warning=225 --diag_wrap=off --display_error_number --abi=eabi -z -m"UART.map" --heap_size=1024 --stack_size=512 -i"/arm/include" -i"/lib" -i"/include" --reread_libs --diag_wrap=off --display_error_number --warn_sections --xml_link_info="UART_linkInfo.xml" --rom_model -o "UART.out" "./main.obj" "./startup_msp432p401r_ccs.obj" "./system_msp432p401r.obj" "../msp432p401r.cmd"  -llibc.a 
makefile:142: recipe for target 'UART.out' failed
process_begin: CreateProcess(NULL, "" -mv7M4 --code_state=16 --float_support=FPv4SPD16 -me -Ooff --opt_for_speed=0 --fp_mode=strict --advice:power=all --define=__MSP432P401R__ --define=TARGET_IS_MSP432P4XX --define=ccs -g --gcc --diag_warning=225 --diag_wrap=off --display_error_number --abi=eabi -z -mUART.map --heap_size=1024 --stack_size=512 -i/arm/include -i/lib -i/include --reread_libs --diag_wrap=off --display_error_number --warn_sections --xml_link_info=UART_linkInfo.xml --rom_model -o UART.out ./main.obj ./startup_msp432p401r_ccs.obj ./system_msp432p401r.obj ../msp432p401r.cmd -llibc.a, ...) failed.
make (e=87): The parameter is incorrect.

gmake: *** [UART.out] Error 87
gmake: Target 'all' not remade because of errors.

**** Build Finished ****

**** Build of configuration Debug for project ServoControl ****

"C:\\TI\\ccsv6\\utils\\bin\\gmake" -k all 
'Building target: ServoControl.out'
'Invoking: MSP432 Linker'
"" -mv7M4 --code_state=16 --float_support=FPv4SPD16 -me --advice:power=all --define=__MSP432P401R__ --define=TARGET_IS_MSP432P4XX --define=ccs -g --gcc --diag_warning=225 --diag_wrap=off --display_error_number --abi=eabi -z -m"ServoControl.map" --heap_size=1024 --stack_size=2048 -i"/arm/include" -i"/lib" -i"/include" --reread_libs --diag_wrap=off --display_error_number --warn_sections --xml_link_info="ServoControl_linkInfo.xml" --rom_model -o "ServoControl.out" "./main.obj" "./startup_msp432p401r_ccs.obj" "./system_msp432p401r.obj" "../msp432p401r.cmd"  -llibc.a 
makefile:142: recipe for target 'ServoControl.out' failed
process_begin: CreateProcess(NULL, "" -mv7M4 --code_state=16 --float_support=FPv4SPD16 -me --advice:power=all --define=__MSP432P401R__ --define=TARGET_IS_MSP432P4XX --define=ccs -g --gcc --diag_warning=225 --diag_wrap=off --display_error_number --abi=eabi -z -mServoControl.map --heap_size=1024 --stack_size=2048 -i/arm/include -i/lib -i/include --reread_libs --diag_wrap=off --display_error_number --warn_sections --xml_link_info=ServoControl_linkInfo.xml --rom_model -o ServoControl.out ./main.obj ./startup_msp432p401r_ccs.obj ./system_msp432p401r.obj ../msp432p401r.cmd -llibc.a, ...) failed.
make (e=87): The parameter is incorrect.

gmake: *** [ServoControl.out] Error 87
gmake: Target 'all' not remade because of errors.

**** Build Finished ****

**** Build of configuration Debug for project Shared ****

"C:\\TI\\ccsv6\\utils\\bin\\gmake" -k all 
gmake: Nothing to be done for 'all'.

**** Build Finished ****

**** Build of configuration Debug for project UART ****

"C:\\TI\\ccsv6\\utils\\bin\\gmake" -k all 
'Building target: UART.out'
'Invoking: MSP432 Linker'
"" -mv7M4 --code_state=16 --float_support=FPv4SPD16 -me -Ooff --opt_for_speed=0 --fp_mode=strict --advice:power="all" --define=__MSP432P401R__ --define=TARGET_IS_MSP432P4XX --define=ccs -g --gcc --diag_warning=225 --diag_wrap=off --display_error_number --abi=eabi -z -m"UART.map" --heap_size=1024 --stack_size=512 -i"/arm/include" -i"/lib" -i"/include" --reread_libs --diag_wrap=off --display_error_number --warn_sections --xml_link_info="UART_linkInfo.xml" --rom_model -o "UART.out" "./main.obj" "./startup_msp432p401r_ccs.obj" "./system_msp432p401r.obj" "../msp432p401r.cmd"  -llibc.a 
makefile:142: recipe for target 'UART.out' failed
process_begin: CreateProcess(NULL, "" -mv7M4 --code_state=16 --float_support=FPv4SPD16 -me -Ooff --opt_for_speed=0 --fp_mode=strict --advice:power=all --define=__MSP432P401R__ --define=TARGET_IS_MSP432P4XX --define=ccs -g --gcc --diag_warning=225 --diag_wrap=off --display_error_number --abi=eabi -z -mUART.map --heap_size=1024 --stack_size=512 -i/arm/include -i/lib -i/include --reread_libs --diag_wrap=off --display_error_number --warn_sections --xml_link_info=UART_linkInfo.xml --rom_model -o UART.out ./main.obj ./startup_msp432p401r_ccs.obj ./system_msp432p401r.obj ../msp432p401r.cmd -llibc.a, ...) failed.
make (e=87): The parameter is incorrect.

gmake: *** [UART.out] Error 87
gmake: Target 'all' not remade because of errors.

**** Build Finished ****

**** Build of configuration Debug for project ServoControl ****

"C:\\TI\\ccsv6\\utils\\bin\\gmake" -k all 
'Building target: ServoControl.out'
'Invoking: MSP432 Linker'
"C:/TI/ccsv6/tools/compiler/ti-cgt-arm_16.6.0.STS/bin/armcl" -mv7M4 --code_state=16 --float_support=FPv4SPD16 -me --advice:power=all --define=__MSP432P401R__ --define=TARGET_IS_MSP432P4XX --define=ccs -g --gcc --diag_warning=225 --diag_wrap=off --display_error_number --abi=eabi -z -m"ServoControl.map" --heap_size=1024 --stack_size=2048 -i"C:/TI/ccsv6/ccs_base/arm/include" -i"C:/TI/ccsv6/tools/compiler/ti-cgt-arm_16.6.0.STS/lib" -i"C:/TI/ccsv6/tools/compiler/ti-cgt-arm_16.6.0.STS/include" --reread_libs --diag_wrap=off --display_error_number --warn_sections --xml_link_info="ServoControl_linkInfo.xml" --rom_model -o "ServoControl.out" "./main.obj" "./startup_msp432p401r_ccs.obj" "./system_msp432p401r.obj" "../msp432p401r.cmd"  -llibc.a 
<Linking>

 undefined                                                                                                        first referenced
  symbol                                                                                                              in file     
 ---------                                                                                                        ----------------
 Externals::PCA9685::Port::SetCalibration(Externals::pca9685_servo_cal_point, Externals::pca9685_servo_cal_point) ./main.obj      
 Externals::PCA9685::PCA9685(EUSCI_B_Type *, unsigned char)                                                       ./main.obj      

error #10234-D: unresolved symbols remain
error #10010: errors encountered during linking; "ServoControl.out" not built
remark #10371-D: (ULP 1.1) Detected no uses of low power mode state changing instructions
remark #10372-D: (ULP 4.1) Detected uninitialized Port 1 in this project. Recommend initializing all unused ports to eliminate wasted current consumption on unused pins.
remark #10372-D: (ULP 4.1) Detected uninitialized Port 2 in this project. Recommend initializing all unused ports to eliminate wasted current consumption on unused pins.
remark #10372-D: (ULP 4.1) Detected uninitialized Port 3 in this project. Recommend initializing all unused ports to eliminate wasted current consumption on unused pins.
remark #10372-D: (ULP 4.1) Detected uninitialized Port 4 in this project. Recommend initializing all unused ports to eliminate wasted current consumption on unused pins.
remark #10372-D: (ULP 4.1) Detected uninitialized Port 5 in this project. Recommend initializing all unused ports to eliminate wasted current consumption on unused pins.
remark #10372-D: (ULP 4.1) Detected uninitialized Port 6 in this project. Recommend initializing all unused ports to eliminate wasted current consumption on unused pins.
remark #10372-D: (ULP 4.1) Detected uninitialized Port 7 in this project. Recommend initializing all unused ports to eliminate wasted current consumption on unused pins.
remark #10372-D: (ULP 4.1) Detected uninitialized Port 8 in this project. Recommend initializing all unused ports to eliminate wasted current consumption on unused pins.
remark #10372-D: (ULP 4.1) Detected uninitialized Port 9 in this project. Recommend initializing all unused ports to eliminate wasted current consumption on unused pins.
remark #10372-D: (ULP 4.1) Detected uninitialized Port 10 in this project. Recommend initializing all unused ports to eliminate wasted current consumption on unused pins.

>> Compilation failure
makefile:142: recipe for target 'ServoControl.out' failed
gmake: *** [ServoControl.out] Error 1
gmake: Target 'all' not remade because of errors.

**** Build Finished ****

**** Build of configuration Debug for project Shared ****

"C:\\TI\\ccsv6\\utils\\bin\\gmake" -k all 
gmake: Nothing to be done for 'all'.

**** Build Finished ****

**** Build of configuration Debug for project UART ****

"C:\\TI\\ccsv6\\utils\\bin\\gmake" -k all 
'Building target: UART.out'
'Invoking: MSP432 Linker'
"C:/TI/ccsv6/tools/compiler/ti-cgt-arm_16.6.0.STS/bin/armcl" -mv7M4 --code_state=16 --float_support=FPv4SPD16 -me -Ooff --opt_for_speed=0 --fp_mode=strict --advice:power="all" --define=__MSP432P401R__ --define=TARGET_IS_MSP432P4XX --define=ccs -g --gcc --diag_warning=225 --diag_wrap=off --display_error_number --abi=eabi -z -m"UART.map" --heap_size=1024 --stack_size=512 -i"C:/TI/ccsv6/ccs_base/arm/include" -i"C:/TI/ccsv6/tools/compiler/ti-cgt-arm_16.6.0.STS/lib" -i"C:/TI/ccsv6/tools/compiler/ti-cgt-arm_16.6.0.STS/include" --reread_libs --diag_wrap=off --display_error_number --warn_sections --xml_link_info="UART_linkInfo.xml" --rom_model -o "UART.out" "./main.obj" "./startup_msp432p401r_ccs.obj" "./system_msp432p401r.obj" "../msp432p401r.cmd"  -llibc.a 
<Linking>

 undefined                             first referenced
  symbol                                   in file     
 ---------                             ----------------
 Peripherials::UART::ClearBuffer()     ./main.obj      
 Peripherials::UART::GetBufferLength() ./main.obj      
 Peripherials::UART::Send(char *)      ./main.obj      
 Peripherials::UART::Send(char)        ./main.obj      
 Peripherials::UART::GetBuffer()       ./main.obj      
 Peripherials::UART_A1                 ./main.obj      
 Peripherials::UART_A3                 ./main.obj      
remark #10371-D: (ULP 1.1) Detected no uses of low power mode state changing instructions

remark #10372-D: (ULP 4.1) Detected uninitialized Port 1 in this project. Recommend initializing all unused ports to eliminate wasted current consumption on unused pins.
remark #10372-D: (ULP 4.1) Detected uninitialized Port 2 in this project. Recommend initializing all unused ports to eliminate wasted current consumption on unused pins.
remark #10372-D: (ULP 4.1) Detected uninitialized Port 3 in this project. Recommend initializing all unused ports to eliminate wasted current consumption on unused pins.
remark #10372-D: (ULP 4.1) Detected uninitialized Port 4 in this project. Recommend initializing all unused ports to eliminate wasted current consumption on unused pins.
remark #10372-D: (ULP 4.1) Detected uninitialized Port 5 in this project. Recommend initializing all unused ports to eliminate wasted current consumption on unused pins.
remark #10372-D: (ULP 4.1) Detected uninitialized Port 6 in this project. Recommend initializing all unused ports to eliminate wasted current consumption on unused pins.
remark #10372-D: (ULP 4.1) Detected uninitialized Port 7 in this project. Recommend initializing all unused ports to eliminate wasted current consumption on unused pins.
remark #10372-D: (ULP 4.1) Detected uninitialized Port 8 in this project. Recommend initializing all unused ports to eliminate wasted current consumption on unused pins.
remark #10372-D: (ULP 4.1) Detected uninitialized Port 9 in this project. Recommend initializing all unused ports to eliminate wasted current consumption on unused pins.
remark #10372-D: (ULP 4.1) Detected uninitialized Port 10 in this project. Recommend initializing all unused ports to eliminate wasted current consumption on unused pins.

>> Compilation failure
makefile:142: recipe for target 'UART.out' failed
error #10234-D: unresolved symbols remain
error #10010: errors encountered during linking; "UART.out" not built
gmake: *** [UART.out] Error 1
gmake: Target 'all' not remade because of errors.

**** Build Finished ****

**** Build of configuration Debug for project ServoControl ****

"C:\\TI\\ccsv6\\utils\\bin\\gmake" -k all 
'Building target: ServoControl.out'
'Invoking: MSP432 Linker'
"C:/TI/ccsv6/tools/compiler/ti-cgt-arm_16.6.0.STS/bin/armcl" -mv7M4 --code_state=16 --float_support=FPv4SPD16 -me --advice:power=all --define=__MSP432P401R__ --define=TARGET_IS_MSP432P4XX --define=ccs -g --gcc --diag_warning=225 --diag_wrap=off --display_error_number --abi=eabi -z -m"ServoControl.map" --heap_size=1024 --stack_size=2048 -i"C:/TI/ccsv6/ccs_base/arm/include" -i"C:/TI/ccsv6/tools/compiler/ti-cgt-arm_16.6.0.STS/lib" -i"C:/TI/ccsv6/tools/compiler/ti-cgt-arm_16.6.0.STS/include" --reread_libs --diag_wrap=off --display_error_number --warn_sections --xml_link_info="ServoControl_linkInfo.xml" --rom_model -o "ServoControl.out" "./main.obj" "./startup_msp432p401r_ccs.obj" "./system_msp432p401r.obj" "../msp432p401r.cmd"  -llibc.a 
<Linking>

 undefined                                                                                                        first referenced
  symbol                                                                                                              in file     
 ---------                                                                                                        ----------------
 Externals::PCA9685::Port::SetCalibration(Externals::pca9685_servo_cal_point, Externals::pca9685_servo_cal_point) ./main.obj      
remark #10371-D: (ULP 1.1) Detected no uses of low power mode state changing instructions
 Externals::PCA9685::PCA9685(EUSCI_B_Type *, unsigned char)                                                       ./main.obj      
remark #10372-D: (ULP 4.1) Detected uninitialized Port 1 in this project. Recommend initializing all unused ports to eliminate wasted current consumption on unused pins.
remark #10372-D: (ULP 4.1) Detected uninitialized Port 2 in this project. Recommend initializing all unused ports to eliminate wasted current consumption on unused pins.
remark #10372-D: (ULP 4.1) Detected uninitialized Port 3 in this project. Recommend initializing all unused ports to eliminate wasted current consumption on unused pins.
remark #10372-D: (ULP 4.1) Detected uninitialized Port 4 in this project. Recommend initializing all unused ports to eliminate wasted current consumption on unused pins.
remark #10372-D: (ULP 4.1) Detected uninitialized Port 5 in this project. Recommend initializing all unused ports to eliminate wasted current consumption on unused pins.
remark #10372-D: (ULP 4.1) Detected uninitialized Port 6 in this project. Recommend initializing all unused ports to eliminate wasted current consumption on unused pins.
remark #10372-D: (ULP 4.1) Detected uninitialized Port 7 in this project. Recommend initializing all unused ports to eliminate wasted current consumption on unused pins.
remark #10372-D: (ULP 4.1) Detected uninitialized Port 8 in this project. Recommend initializing all unused ports to eliminate wasted current consumption on unused pins.
remark #10372-D: (ULP 4.1) Detected uninitialized Port 9 in this project. Recommend initializing all unused ports to eliminate wasted current consumption on unused pins.
remark #10372-D: (ULP 4.1) Detected uninitialized Port 10 in this project. Recommend initializing all unused ports to eliminate wasted current consumption on unused pins.

>> Compilation failure
makefile:142: recipe for target 'ServoControl.out' failed

error #10234-D: unresolved symbols remain
error #10010: errors encountered during linking; "ServoControl.out" not built
gmake: *** [ServoControl.out] Error 1
gmake: Target 'all' not remade because of errors.

**** Build Finished ****

**** Build of configuration Debug for project Shared ****

"C:\\TI\\ccsv6\\utils\\bin\\gmake" -k all 
gmake: Nothing to be done for 'all'.

**** Build Finished ****

**** Build of configuration Debug for project UART ****

"C:\\TI\\ccsv6\\utils\\bin\\gmake" -k all 
'Building file: ../main.cpp'
'Invoking: MSP432 Compiler'
"C:/TI/ccsv6/tools/compiler/ti-cgt-arm_16.6.0.STS/bin/armcl" -mv7M4 --code_state=16 --float_support=FPv4SPD16 -me -Ooff --opt_for_speed=0 --fp_mode=strict --include_path="G:/Data/MAVRIC/MAVRIC_Firmware/FW2017/Shared/Buffers" --include_path="G:/Data/MAVRIC/MAVRIC_Firmware/FW2017/Shared/Device" --include_path="G:/Data/MAVRIC/MAVRIC_Firmware/FW2017/Shared/I2C" --include_path="G:/Data/MAVRIC/MAVRIC_Firmware/FW2017/Shared/Servo" --include_path="G:/Data/MAVRIC/MAVRIC_Firmware/FW2017/Shared/Timer" --include_path="G:/Data/MAVRIC/MAVRIC_Firmware/FW2017/Shared/UART" --include_path="C:/TI/ccsv6/ccs_base/arm/include" --include_path="C:/TI/ccsv6/ccs_base/arm/include/CMSIS" --include_path="C:/TI/ccsv6/tools/compiler/ti-cgt-arm_16.6.0.STS/include" --advice:power="all" --define=__MSP432P401R__ --define=TARGET_IS_MSP432P4XX --define=ccs -g --gcc --diag_warning=225 --diag_wrap=off --display_error_number --abi=eabi --preproc_with_compile --preproc_dependency="main.d"  "../main.cpp"

>> Compilation failure
subdir_rules.mk:7: recipe for target 'main.obj' failed
"../main.cpp", line 35: error #20: identifier "fMCLK" is undefined
"../main.cpp", line 31: remark #1527-D: (ULP 2.1) Detected SW delay loop using __delay_cycles. Recommend using a timer module instead
1 error detected in the compilation of "../main.cpp".
gmake: *** [main.obj] Error 1
'Building file: ../startup_msp432p401r_ccs.c'
'Invoking: MSP432 Compiler'
"C:/TI/ccsv6/tools/compiler/ti-cgt-arm_16.6.0.STS/bin/armcl" -mv7M4 --code_state=16 --float_support=FPv4SPD16 -me -Ooff --opt_for_speed=0 --fp_mode=strict --include_path="G:/Data/MAVRIC/MAVRIC_Firmware/FW2017/Shared/Buffers" --include_path="G:/Data/MAVRIC/MAVRIC_Firmware/FW2017/Shared/Device" --include_path="G:/Data/MAVRIC/MAVRIC_Firmware/FW2017/Shared/I2C" --include_path="G:/Data/MAVRIC/MAVRIC_Firmware/FW2017/Shared/Servo" --include_path="G:/Data/MAVRIC/MAVRIC_Firmware/FW2017/Shared/Timer" --include_path="G:/Data/MAVRIC/MAVRIC_Firmware/FW2017/Shared/UART" --include_path="C:/TI/ccsv6/ccs_base/arm/include" --include_path="C:/TI/ccsv6/ccs_base/arm/include/CMSIS" --include_path="C:/TI/ccsv6/tools/compiler/ti-cgt-arm_16.6.0.STS/include" --advice:power="all" --define=__MSP432P401R__ --define=TARGET_IS_MSP432P4XX --define=ccs -g --gcc --diag_warning=225 --diag_wrap=off --display_error_number --abi=eabi --preproc_with_compile --preproc_dependency="startup_msp432p401r_ccs.d"  "../startup_msp432p401r_ccs.c"
'Finished building: ../startup_msp432p401r_ccs.c'
' '
'Building file: ../system_msp432p401r.c'
'Invoking: MSP432 Compiler'
"C:/TI/ccsv6/tools/compiler/ti-cgt-arm_16.6.0.STS/bin/armcl" -mv7M4 --code_state=16 --float_support=FPv4SPD16 -me -Ooff --opt_for_speed=0 --fp_mode=strict --include_path="G:/Data/MAVRIC/MAVRIC_Firmware/FW2017/Shared/Buffers" --include_path="G:/Data/MAVRIC/MAVRIC_Firmware/FW2017/Shared/Device" --include_path="G:/Data/MAVRIC/MAVRIC_Firmware/FW2017/Shared/I2C" --include_path="G:/Data/MAVRIC/MAVRIC_Firmware/FW2017/Shared/Servo" --include_path="G:/Data/MAVRIC/MAVRIC_Firmware/FW2017/Shared/Timer" --include_path="G:/Data/MAVRIC/MAVRIC_Firmware/FW2017/Shared/UART" --include_path="C:/TI/ccsv6/ccs_base/arm/include" --include_path="C:/TI/ccsv6/ccs_base/arm/include/CMSIS" --include_path="C:/TI/ccsv6/tools/compiler/ti-cgt-arm_16.6.0.STS/include" --advice:power="all" --define=__MSP432P401R__ --define=TARGET_IS_MSP432P4XX --define=ccs -g --gcc --diag_warning=225 --diag_wrap=off --display_error_number --abi=eabi --preproc_with_compile --preproc_dependency="system_msp432p401r.d"  "../system_msp432p401r.c"
"../system_msp432p401r.c", line 112: remark #2623-D: (ULP 5.4) Detected an assignment to a type with size less than int. To avoid unnecessary sign extension, use int-sized types for local varaibles and convert to smaller types for static storage.
"../system_msp432p401r.c", line 160: remark #2623-D: (ULP 5.4) Detected an assignment to a type with size less than int. To avoid unnecessary sign extension, use int-sized types for local varaibles and convert to smaller types for static storage.
"../system_msp432p401r.c", line 193: remark #2623-D: (ULP 5.4) Detected an assignment to a type with size less than int. To avoid unnecessary sign extension, use int-sized types for local varaibles and convert to smaller types for static storage.
"../system_msp432p401r.c", line 376: remark #1528-D: (ULP 3.1) Detected flag polling using PCM_CTL1_PMR_BUSY. Recommend using an interrupt combined with enter LPMx and ISR
"../system_msp432p401r.c", line 378: remark #1528-D: (ULP 3.1) Detected flag polling using PCM_CTL1_PMR_BUSY. Recommend using an interrupt combined with enter LPMx and ISR
'Finished building: ../system_msp432p401r.c'
' '
gmake: Target 'all' not remade because of errors.

**** Build Finished ****

**** Build of configuration Debug for project UART ****

"C:\\TI\\ccsv6\\utils\\bin\\gmake" -k all 
'Building file: ../main.cpp'
'Invoking: MSP432 Compiler'
"C:/TI/ccsv6/tools/compiler/ti-cgt-arm_16.6.0.STS/bin/armcl" -mv7M4 --code_state=16 --float_support=FPv4SPD16 -me -Ooff --opt_for_speed=0 --fp_mode=strict --include_path="G:/Data/MAVRIC/MAVRIC_Firmware/FW2017/Shared/Buffers" --include_path="G:/Data/MAVRIC/MAVRIC_Firmware/FW2017/Shared/Device" --include_path="G:/Data/MAVRIC/MAVRIC_Firmware/FW2017/Shared/I2C" --include_path="G:/Data/MAVRIC/MAVRIC_Firmware/FW2017/Shared/Servo" --include_path="G:/Data/MAVRIC/MAVRIC_Firmware/FW2017/Shared/Timer" --include_path="G:/Data/MAVRIC/MAVRIC_Firmware/FW2017/Shared/UART" --include_path="C:/TI/ccsv6/ccs_base/arm/include" --include_path="C:/TI/ccsv6/ccs_base/arm/include/CMSIS" --include_path="C:/TI/ccsv6/tools/compiler/ti-cgt-arm_16.6.0.STS/include" --advice:power="all" --define=__MSP432P401R__ --define=TARGET_IS_MSP432P4XX --define=ccs -g --gcc --diag_warning=225 --diag_wrap=off --display_error_number --abi=eabi --preproc_with_compile --preproc_dependency="main.d"  "../main.cpp"
"../main.cpp", line 31: remark #1527-D: (ULP 2.1) Detected SW delay loop using __delay_cycles. Recommend using a timer module instead
"../main.cpp", line 35: remark #1527-D: (ULP 2.1) Detected SW delay loop using __delay_cycles. Recommend using a timer module instead
'Finished building: ../main.cpp'
' '
'Building target: UART.out'
'Invoking: MSP432 Linker'
"C:/TI/ccsv6/tools/compiler/ti-cgt-arm_16.6.0.STS/bin/armcl" -mv7M4 --code_state=16 --float_support=FPv4SPD16 -me -Ooff --opt_for_speed=0 --fp_mode=strict --advice:power="all" --define=__MSP432P401R__ --define=TARGET_IS_MSP432P4XX --define=ccs -g --gcc --diag_warning=225 --diag_wrap=off --display_error_number --abi=eabi -z -m"UART.map" --heap_size=1024 --stack_size=512 -i"C:/TI/ccsv6/ccs_base/arm/include" -i"C:/TI/ccsv6/tools/compiler/ti-cgt-arm_16.6.0.STS/lib" -i"C:/TI/ccsv6/tools/compiler/ti-cgt-arm_16.6.0.STS/include" --reread_libs --diag_wrap=off --display_error_number --warn_sections --xml_link_info="UART_linkInfo.xml" --rom_model -o "UART.out" "./main.obj" "./startup_msp432p401r_ccs.obj" "./system_msp432p401r.obj" "../msp432p401r.cmd"  -llibc.a 
<Linking>

 undefined                             first referenced
  symbol                                   in file     
 ---------                             ----------------
 Peripherials::UART::ClearBuffer()     ./main.obj      
 Peripherials::UART::GetBufferLength() ./main.obj      
 Peripherials::UART::Send(char *)      ./main.obj      
 Peripherials::UART::Send(char)        ./main.obj      
 Peripherials::UART::GetBuffer()       ./main.obj      
 Peripherials::UART_A1                 ./main.obj      
 Peripherials::UART_A3                 ./main.obj      

error #10234-D: unresolved symbols remain
remark #10371-D: (ULP 1.1) Detected no uses of low power mode state changing instructions
error #10010: errors encountered during linking; "UART.out" not built
remark #10372-D: (ULP 4.1) Detected uninitialized Port 1 in this project. Recommend initializing all unused ports to eliminate wasted current consumption on unused pins.
remark #10372-D: (ULP 4.1) Detected uninitialized Port 2 in this project. Recommend initializing all unused ports to eliminate wasted current consumption on unused pins.
remark #10372-D: (ULP 4.1) Detected uninitialized Port 3 in this project. Recommend initializing all unused ports to eliminate wasted current consumption on unused pins.
remark #10372-D: (ULP 4.1) Detected uninitialized Port 4 in this project. Recommend initializing all unused ports to eliminate wasted current consumption on unused pins.
remark #10372-D: (ULP 4.1) Detected uninitialized Port 5 in this project. Recommend initializing all unused ports to eliminate wasted current consumption on unused pins.
remark #10372-D: (ULP 4.1) Detected uninitialized Port 6 in this project. Recommend initializing all unused ports to eliminate wasted current consumption on unused pins.
remark #10372-D: (ULP 4.1) Detected uninitialized Port 7 in this project. Recommend initializing all unused ports to eliminate wasted current consumption on unused pins.
remark #10372-D: (ULP 4.1) Detected uninitialized Port 8 in this project. Recommend initializing all unused ports to eliminate wasted current consumption on unused pins.
remark #10372-D: (ULP 4.1) Detected uninitialized Port 9 in this project. Recommend initializing all unused ports to eliminate wasted current consumption on unused pins.
remark #10372-D: (ULP 4.1) Detected uninitialized Port 10 in this project. Recommend initializing all unused ports to eliminate wasted current consumption on unused pins.

>> Compilation failure
makefile:142: recipe for target 'UART.out' failed
gmake: *** [UART.out] Error 1
gmake: Target 'all' not remade because of errors.

**** Build Finished ****

**** Build of configuration Debug for project ServoControl ****

"C:\\TI\\ccsv6\\utils\\bin\\gmake" -k all 
'Building target: ServoControl.out'
'Invoking: MSP432 Linker'
"C:/TI/ccsv6/tools/compiler/ti-cgt-arm_16.6.0.STS/bin/armcl" -mv7M4 --code_state=16 --float_support=FPv4SPD16 -me --advice:power=all --define=__MSP432P401R__ --define=TARGET_IS_MSP432P4XX --define=ccs -g --gcc --diag_warning=225 --diag_wrap=off --display_error_number --abi=eabi -z -m"ServoControl.map" --heap_size=1024 --stack_size=2048 -i"C:/TI/ccsv6/ccs_base/arm/include" -i"C:/TI/ccsv6/tools/compiler/ti-cgt-arm_16.6.0.STS/lib" -i"C:/TI/ccsv6/tools/compiler/ti-cgt-arm_16.6.0.STS/include" --reread_libs --diag_wrap=off --display_error_number --warn_sections --xml_link_info="ServoControl_linkInfo.xml" --rom_model -o "ServoControl.out" "./main.obj" "./startup_msp432p401r_ccs.obj" "./system_msp432p401r.obj" "../msp432p401r.cmd"  -llibc.a 
<Linking>

 undefined                                                                                                        first referenced
  symbol                                                                                                              in file     
 ---------                                                                                                        ----------------
 Externals::PCA9685::Port::SetCalibration(Externals::pca9685_servo_cal_point, Externals::pca9685_servo_cal_point) ./main.obj      
remark #10371-D: (ULP 1.1) Detected no uses of low power mode state changing instructions
 Externals::PCA9685::PCA9685(EUSCI_B_Type *, unsigned char)                                                       ./main.obj      
remark #10372-D: (ULP 4.1) Detected uninitialized Port 1 in this project. Recommend initializing all unused ports to eliminate wasted current consumption on unused pins.
remark #10372-D: (ULP 4.1) Detected uninitialized Port 2 in this project. Recommend initializing all unused ports to eliminate wasted current consumption on unused pins.
remark #10372-D: (ULP 4.1) Detected uninitialized Port 3 in this project. Recommend initializing all unused ports to eliminate wasted current consumption on unused pins.
remark #10372-D: (ULP 4.1) Detected uninitialized Port 4 in this project. Recommend initializing all unused ports to eliminate wasted current consumption on unused pins.
remark #10372-D: (ULP 4.1) Detected uninitialized Port 5 in this project. Recommend initializing all unused ports to eliminate wasted current consumption on unused pins.
remark #10372-D: (ULP 4.1) Detected uninitialized Port 6 in this project. Recommend initializing all unused ports to eliminate wasted current consumption on unused pins.
remark #10372-D: (ULP 4.1) Detected uninitialized Port 7 in this project. Recommend initializing all unused ports to eliminate wasted current consumption on unused pins.
remark #10372-D: (ULP 4.1) Detected uninitialized Port 8 in this project. Recommend initializing all unused ports to eliminate wasted current consumption on unused pins.
remark #10372-D: (ULP 4.1) Detected uninitialized Port 9 in this project. Recommend initializing all unused ports to eliminate wasted current consumption on unused pins.
remark #10372-D: (ULP 4.1) Detected uninitialized Port 10 in this project. Recommend initializing all unused ports to eliminate wasted current consumption on unused pins.

>> Compilation failure
makefile:142: recipe for target 'ServoControl.out' failed

error #10234-D: unresolved symbols remain
error #10010: errors encountered during linking; "ServoControl.out" not built
gmake: *** [ServoControl.out] Error 1
gmake: Target 'all' not remade because of errors.

**** Build Finished ****

**** Build of configuration Debug for project Shared ****

"C:\\TI\\ccsv6\\utils\\bin\\gmake" -k all 
'Building file: ../Timer/timer.cpp'
'Invoking: MSP432 Compiler'
"C:/TI/ccsv6/tools/compiler/ti-cgt-arm_16.6.0.STS/bin/armcl" -mv7M4 --code_state=16 --float_support=FPv4SPD16 -me --include_path="C:/TI/ccsv6/ccs_base/arm/include" --include_path="G:/Data/MAVRIC/MAVRIC_Firmware/FW2017/Shared/Buffers" --include_path="G:/Data/MAVRIC/MAVRIC_Firmware/FW2017/Shared/Device" --include_path="G:/Data/MAVRIC/MAVRIC_Firmware/FW2017/Shared/I2C" --include_path="G:/Data/MAVRIC/MAVRIC_Firmware/FW2017/Shared/Servo" --include_path="G:/Data/MAVRIC/MAVRIC_Firmware/FW2017/Shared/Timer" --include_path="G:/Data/MAVRIC/MAVRIC_Firmware/FW2017/Shared/UART" --include_path="C:/TI/ccsv6/ccs_base/arm/include/CMSIS" --include_path="C:/TI/ccsv6/tools/compiler/ti-cgt-arm_16.6.0.STS/include" --advice:power="all" --define=__MSP432P401R__ --define=TARGET_IS_MSP432P4XX --define=ccs -g --gcc --diag_warning=225 --diag_wrap=off --display_error_number --abi=eabi --preproc_with_compile --preproc_dependency="Timer/timer.d" --obj_directory="Timer"  "../Timer/timer.cpp"
'Finished building: ../Timer/timer.cpp'
' '
'Building file: ../UART/uart.cpp'
'Invoking: MSP432 Compiler'
"C:/TI/ccsv6/tools/compiler/ti-cgt-arm_16.6.0.STS/bin/armcl" -mv7M4 --code_state=16 --float_support=FPv4SPD16 -me --include_path="C:/TI/ccsv6/ccs_base/arm/include" --include_path="G:/Data/MAVRIC/MAVRIC_Firmware/FW2017/Shared/Buffers" --include_path="G:/Data/MAVRIC/MAVRIC_Firmware/FW2017/Shared/Device" --include_path="G:/Data/MAVRIC/MAVRIC_Firmware/FW2017/Shared/I2C" --include_path="G:/Data/MAVRIC/MAVRIC_Firmware/FW2017/Shared/Servo" --include_path="G:/Data/MAVRIC/MAVRIC_Firmware/FW2017/Shared/Timer" --include_path="G:/Data/MAVRIC/MAVRIC_Firmware/FW2017/Shared/UART" --include_path="C:/TI/ccsv6/ccs_base/arm/include/CMSIS" --include_path="C:/TI/ccsv6/tools/compiler/ti-cgt-arm_16.6.0.STS/include" --advice:power="all" --define=__MSP432P401R__ --define=TARGET_IS_MSP432P4XX --define=ccs -g --gcc --diag_warning=225 --diag_wrap=off --display_error_number --abi=eabi --preproc_with_compile --preproc_dependency="UART/uart.d" --obj_directory="UART"  "../UART/uart.cpp"
'Finished building: ../UART/uart.cpp'
' '
'Building target: Shared.lib'
'Invoking: MSP432 Archiver'
"C:/TI/ccsv6/tools/compiler/ti-cgt-arm_16.6.0.STS/bin/armar" r "Shared.lib" "./Buffers/Buffers.obj" "./I2C/I2C.obj" "./Servo/PCA9685.obj" "./Servo/TimerPWM_Servo.obj" "./Timer/timer.obj" "./UART/uart.obj"  
  ==>  new archive 'Shared.lib'
  ==>  building archive 'Shared.lib'
'Finished building target: Shared.lib'
' '

**** Build Finished ****

**** Build of configuration Debug for project UART ****

"C:\\TI\\ccsv6\\utils\\bin\\gmake" -k all 
'Building target: UART.out'
'Invoking: MSP432 Linker'
"C:/TI/ccsv6/tools/compiler/ti-cgt-arm_16.6.0.STS/bin/armcl" -mv7M4 --code_state=16 --float_support=FPv4SPD16 -me -Ooff --opt_for_speed=0 --fp_mode=strict --advice:power="all" --define=__MSP432P401R__ --define=TARGET_IS_MSP432P4XX --define=ccs -g --gcc --diag_warning=225 --diag_wrap=off --display_error_number --abi=eabi -z -m"UART.map" --heap_size=1024 --stack_size=512 -i"C:/TI/ccsv6/ccs_base/arm/include" -i"G:/Data/MAVRIC/MAVRIC_Firmware/FW2017/Shared/Debug" -i"C:/TI/ccsv6/tools/compiler/ti-cgt-arm_16.6.0.STS/lib" -i"C:/TI/ccsv6/tools/compiler/ti-cgt-arm_16.6.0.STS/include" --reread_libs --diag_wrap=off --display_error_number --warn_sections --xml_link_info="UART_linkInfo.xml" --rom_model -o "UART.out" "./main.obj" "./startup_msp432p401r_ccs.obj" "./system_msp432p401r.obj" "../msp432p401r.cmd"  -llibc.a -lShared.out 
<Linking>
error #10008-D: cannot find file "Shared.out"

 undefined                             first referenced
  symbol                                   in file     
 ---------                             ----------------
 Peripherials::UART::ClearBuffer()     ./main.obj      
 Peripherials::UART::GetBufferLength() ./main.obj      
 Peripherials::UART::Send(char *)      ./main.obj      
 Peripherials::UART::Send(char)        ./main.obj      
 Peripherials::UART::GetBuffer()       ./main.obj      
 Peripherials::UART_A1                 ./main.obj      
 Peripherials::UART_A3                 ./main.obj      

error #10234-D: unresolved symbols remain
error #10010: errors encountered during linking; "UART.out" not built
remark #10371-D: (ULP 1.1) Detected no uses of low power mode state changing instructions
remark #10372-D: (ULP 4.1) Detected uninitialized Port 1 in this project. Recommend initializing all unused ports to eliminate wasted current consumption on unused pins.
remark #10372-D: (ULP 4.1) Detected uninitialized Port 2 in this project. Recommend initializing all unused ports to eliminate wasted current consumption on unused pins.
remark #10372-D: (ULP 4.1) Detected uninitialized Port 3 in this project. Recommend initializing all unused ports to eliminate wasted current consumption on unused pins.
remark #10372-D: (ULP 4.1) Detected uninitialized Port 4 in this project. Recommend initializing all unused ports to eliminate wasted current consumption on unused pins.
remark #10372-D: (ULP 4.1) Detected uninitialized Port 5 in this project. Recommend initializing all unused ports to eliminate wasted current consumption on unused pins.
remark #10372-D: (ULP 4.1) Detected uninitialized Port 6 in this project. Recommend initializing all unused ports to eliminate wasted current consumption on unused pins.
remark #10372-D: (ULP 4.1) Detected uninitialized Port 7 in this project. Recommend initializing all unused ports to eliminate wasted current consumption on unused pins.
remark #10372-D: (ULP 4.1) Detected uninitialized Port 8 in this project. Recommend initializing all unused ports to eliminate wasted current consumption on unused pins.
remark #10372-D: (ULP 4.1) Detected uninitialized Port 9 in this project. Recommend initializing all unused ports to eliminate wasted current consumption on unused pins.
remark #10372-D: (ULP 4.1) Detected uninitialized Port 10 in this project. Recommend initializing all unused ports to eliminate wasted current consumption on unused pins.

>> Compilation failure
makefile:143: recipe for target 'UART.out' failed
gmake: *** [UART.out] Error 1
gmake: Target 'all' not remade because of errors.

**** Build Finished ****

**** Build of configuration Debug for project ServoControl ****

"C:\\TI\\ccsv6\\utils\\bin\\gmake" -k all 
'Building target: ServoControl.out'
'Invoking: MSP432 Linker'
"C:/TI/ccsv6/tools/compiler/ti-cgt-arm_16.6.0.STS/bin/armcl" -mv7M4 --code_state=16 --float_support=FPv4SPD16 -me --advice:power=all --define=__MSP432P401R__ --define=TARGET_IS_MSP432P4XX --define=ccs -g --gcc --diag_warning=225 --diag_wrap=off --display_error_number --abi=eabi -z -m"ServoControl.map" --heap_size=1024 --stack_size=2048 -i"C:/TI/ccsv6/ccs_base/arm/include" -i"C:/TI/ccsv6/tools/compiler/ti-cgt-arm_16.6.0.STS/lib" -i"C:/TI/ccsv6/tools/compiler/ti-cgt-arm_16.6.0.STS/include" --reread_libs --diag_wrap=off --display_error_number --warn_sections --xml_link_info="ServoControl_linkInfo.xml" --rom_model -o "ServoControl.out" "./main.obj" "./startup_msp432p401r_ccs.obj" "./system_msp432p401r.obj" "../msp432p401r.cmd"  -llibc.a 
<Linking>

 undefined                                                                                                        first referenced
  symbol                                                                                                              in file     
 ---------                                                                                                        ----------------
 Externals::PCA9685::Port::SetCalibration(Externals::pca9685_servo_cal_point, Externals::pca9685_servo_cal_point) ./main.obj      
remark #10371-D: (ULP 1.1) Detected no uses of low power mode state changing instructions
 Externals::PCA9685::PCA9685(EUSCI_B_Type *, unsigned char)                                                       ./main.obj      
remark #10372-D: (ULP 4.1) Detected uninitialized Port 1 in this project. Recommend initializing all unused ports to eliminate wasted current consumption on unused pins.
remark #10372-D: (ULP 4.1) Detected uninitialized Port 2 in this project. Recommend initializing all unused ports to eliminate wasted current consumption on unused pins.
remark #10372-D: (ULP 4.1) Detected uninitialized Port 3 in this project. Recommend initializing all unused ports to eliminate wasted current consumption on unused pins.
remark #10372-D: (ULP 4.1) Detected uninitialized Port 4 in this project. Recommend initializing all unused ports to eliminate wasted current consumption on unused pins.
remark #10372-D: (ULP 4.1) Detected uninitialized Port 5 in this project. Recommend initializing all unused ports to eliminate wasted current consumption on unused pins.
remark #10372-D: (ULP 4.1) Detected uninitialized Port 6 in this project. Recommend initializing all unused ports to eliminate wasted current consumption on unused pins.
remark #10372-D: (ULP 4.1) Detected uninitialized Port 7 in this project. Recommend initializing all unused ports to eliminate wasted current consumption on unused pins.
remark #10372-D: (ULP 4.1) Detected uninitialized Port 8 in this project. Recommend initializing all unused ports to eliminate wasted current consumption on unused pins.
remark #10372-D: (ULP 4.1) Detected uninitialized Port 9 in this project. Recommend initializing all unused ports to eliminate wasted current consumption on unused pins.
remark #10372-D: (ULP 4.1) Detected uninitialized Port 10 in this project. Recommend initializing all unused ports to eliminate wasted current consumption on unused pins.

>> Compilation failure
makefile:142: recipe for target 'ServoControl.out' failed

error #10234-D: unresolved symbols remain
error #10010: errors encountered during linking; "ServoControl.out" not built
gmake: *** [ServoControl.out] Error 1
gmake: Target 'all' not remade because of errors.

**** Build Finished ****

**** Build of configuration Debug for project Shared ****

"C:\\TI\\ccsv6\\utils\\bin\\gmake" -k all 
gmake: Nothing to be done for 'all'.

**** Build Finished ****

**** Build of configuration Debug for project UART ****

"C:\\TI\\ccsv6\\utils\\bin\\gmake" -k all 
'Building target: UART.out'
'Invoking: MSP432 Linker'
"C:/TI/ccsv6/tools/compiler/ti-cgt-arm_16.6.0.STS/bin/armcl" -mv7M4 --code_state=16 --float_support=FPv4SPD16 -me -Ooff --opt_for_speed=0 --fp_mode=strict --advice:power="all" --define=__MSP432P401R__ --define=TARGET_IS_MSP432P4XX --define=ccs -g --gcc --diag_warning=225 --diag_wrap=off --display_error_number --abi=eabi -z -m"UART.map" --heap_size=1024 --stack_size=512 -i"C:/TI/ccsv6/ccs_base/arm/include" -i"C:/TI/ccsv6/tools/compiler/ti-cgt-arm_16.6.0.STS/lib" -i"C:/TI/ccsv6/tools/compiler/ti-cgt-arm_16.6.0.STS/include" --reread_libs --diag_wrap=off --display_error_number --warn_sections --xml_link_info="UART_linkInfo.xml" --rom_model -o "UART.out" "./main.obj" "./startup_msp432p401r_ccs.obj" "./system_msp432p401r.obj" "../msp432p401r.cmd"  -l"G:/Data/MAVRIC/MAVRIC_Firmware/FW2017/Shared/Debug/Shared.lib" -llibc.a 
<Linking>
remark #10371-D: (ULP 1.1) Detected no uses of low power mode state changing instructions
remark #10372-D: (ULP 4.1) Detected uninitialized Port 1 in this project. Recommend initializing all unused ports to eliminate wasted current consumption on unused pins.
remark #10372-D: (ULP 4.1) Detected uninitialized Port 2 in this project. Recommend initializing all unused ports to eliminate wasted current consumption on unused pins.
remark #10372-D: (ULP 4.1) Detected uninitialized Port 3 in this project. Recommend initializing all unused ports to eliminate wasted current consumption on unused pins.
remark #10372-D: (ULP 4.1) Detected uninitialized Port 4 in this project. Recommend initializing all unused ports to eliminate wasted current consumption on unused pins.
remark #10372-D: (ULP 4.1) Detected uninitialized Port 5 in this project. Recommend initializing all unused ports to eliminate wasted current consumption on unused pins.
remark #10372-D: (ULP 4.1) Detected uninitialized Port 6 in this project. Recommend initializing all unused ports to eliminate wasted current consumption on unused pins.
remark #10372-D: (ULP 4.1) Detected uninitialized Port 7 in this project. Recommend initializing all unused ports to eliminate wasted current consumption on unused pins.
remark #10372-D: (ULP 4.1) Detected uninitialized Port 8 in this project. Recommend initializing all unused ports to eliminate wasted current consumption on unused pins.
remark #10372-D: (ULP 4.1) Detected uninitialized Port 9 in this project. Recommend initializing all unused ports to eliminate wasted current consumption on unused pins.
remark #10372-D: (ULP 4.1) Detected uninitialized Port 10 in this project. Recommend initializing all unused ports to eliminate wasted current consumption on unused pins.
'Finished building target: UART.out'
' '

**** Build Finished ****

**** Build of configuration Debug for project ServoControl ****

"C:\\TI\\ccsv6\\utils\\bin\\gmake" -k all 
'Building target: ServoControl.out'
'Invoking: MSP432 Linker'
"C:/TI/ccsv6/tools/compiler/ti-cgt-arm_16.6.0.STS/bin/armcl" -mv7M4 --code_state=16 --float_support=FPv4SPD16 -me --advice:power=all --define=__MSP432P401R__ --define=TARGET_IS_MSP432P4XX --define=ccs -g --gcc --diag_warning=225 --diag_wrap=off --display_error_number --abi=eabi -z -m"ServoControl.map" --heap_size=1024 --stack_size=2048 -i"C:/TI/ccsv6/ccs_base/arm/include" -i"C:/TI/ccsv6/tools/compiler/ti-cgt-arm_16.6.0.STS/lib" -i"C:/TI/ccsv6/tools/compiler/ti-cgt-arm_16.6.0.STS/include" --reread_libs --diag_wrap=off --display_error_number --warn_sections --xml_link_info="ServoControl_linkInfo.xml" --rom_model -o "ServoControl.out" "./main.obj" "./startup_msp432p401r_ccs.obj" "./system_msp432p401r.obj" "../msp432p401r.cmd"  -llibc.a -l"G:/Data/MAVRIC/MAVRIC_Firmware/FW2017/Shared/Debug/Shared.lib" 
<Linking>
remark #10371-D: (ULP 1.1) Detected no uses of low power mode state changing instructions
remark #10372-D: (ULP 4.1) Detected uninitialized Port 1 in this project. Recommend initializing all unused ports to eliminate wasted current consumption on unused pins.
remark #10372-D: (ULP 4.1) Detected uninitialized Port 2 in this project. Recommend initializing all unused ports to eliminate wasted current consumption on unused pins.
remark #10372-D: (ULP 4.1) Detected uninitialized Port 3 in this project. Recommend initializing all unused ports to eliminate wasted current consumption on unused pins.
remark #10372-D: (ULP 4.1) Detected uninitialized Port 4 in this project. Recommend initializing all unused ports to eliminate wasted current consumption on unused pins.
remark #10372-D: (ULP 4.1) Detected uninitialized Port 5 in this project. Recommend initializing all unused ports to eliminate wasted current consumption on unused pins.
remark #10372-D: (ULP 4.1) Detected uninitialized Port 6 in this project. Recommend initializing all unused ports to eliminate wasted current consumption on unused pins.
remark #10372-D: (ULP 4.1) Detected uninitialized Port 7 in this project. Recommend initializing all unused ports to eliminate wasted current consumption on unused pins.
remark #10372-D: (ULP 4.1) Detected uninitialized Port 8 in this project. Recommend initializing all unused ports to eliminate wasted current consumption on unused pins.
remark #10372-D: (ULP 4.1) Detected uninitialized Port 9 in this project. Recommend initializing all unused ports to eliminate wasted current consumption on unused pins.
remark #10372-D: (ULP 4.1) Detected uninitialized Port 10 in this project. Recommend initializing all unused ports to eliminate wasted current consumption on unused pins.
'Finished building target: ServoControl.out'
' '

**** Build Finished ****

**** Build of configuration Debug for project Shared ****

"C:\\TI\\ccsv6\\utils\\bin\\gmake" -k all 
gmake: Nothing to be done for 'all'.

**** Build Finished ****

**** Build of configuration Debug for project UART ****

"C:\\TI\\ccsv6\\utils\\bin\\gmake" -k all 
gmake: Nothing to be done for 'all'.

**** Build Finished ****
