
**** Build of configuration Debug for project UART ****

"C:\\TI\\ccsv6\\utils\\bin\\gmake" -k all 
'Building file: ../main.cpp'
'Invoking: MSP432 Compiler'
"C:/TI/ccsv6/tools/compiler/ti-cgt-arm_16.6.0.STS/bin/armcl" -mv7M4 --code_state=16 --float_support=FPv4SPD16 -me -Ooff --opt_for_speed=0 --fp_mode=strict --include_path="G:/Data/MAVRIC/MAVRIC_Firmware/FW2017/Shared/Buffers" --include_path="G:/Data/MAVRIC/MAVRIC_Firmware/FW2017/Shared/Device" --include_path="G:/Data/MAVRIC/MAVRIC_Firmware/FW2017/Shared/I2C" --include_path="G:/Data/MAVRIC/MAVRIC_Firmware/FW2017/Shared/Servo" --include_path="G:/Data/MAVRIC/MAVRIC_Firmware/FW2017/Shared/Timer" --include_path="G:/Data/MAVRIC/MAVRIC_Firmware/FW2017/Shared/UART" --include_path="C:/TI/ccsv6/ccs_base/arm/include" --include_path="C:/TI/ccsv6/ccs_base/arm/include/CMSIS" --include_path="C:/TI/ccsv6/tools/compiler/ti-cgt-arm_16.6.0.STS/include" --advice:power="all" --define=__MSP432P401R__ --define=TARGET_IS_MSP432P4XX --define=ccs -g --gcc --diag_warning=225 --diag_wrap=off --display_error_number --abi=eabi --preproc_with_compile --preproc_dependency="main.d"  "../main.cpp"
"../main.cpp", line 31: remark #1527-D: (ULP 2.1) Detected SW delay loop using __delay_cycles. Recommend using a timer module instead
"../main.cpp", line 35: remark #1527-D: (ULP 2.1) Detected SW delay loop using __delay_cycles. Recommend using a timer module instead
'Finished building: ../main.cpp'
' '
'Building file: ../startup_msp432p401r_ccs.c'
'Invoking: MSP432 Compiler'
"C:/TI/ccsv6/tools/compiler/ti-cgt-arm_16.6.0.STS/bin/armcl" -mv7M4 --code_state=16 --float_support=FPv4SPD16 -me -Ooff --opt_for_speed=0 --fp_mode=strict --include_path="G:/Data/MAVRIC/MAVRIC_Firmware/FW2017/Shared/Buffers" --include_path="G:/Data/MAVRIC/MAVRIC_Firmware/FW2017/Shared/Device" --include_path="G:/Data/MAVRIC/MAVRIC_Firmware/FW2017/Shared/I2C" --include_path="G:/Data/MAVRIC/MAVRIC_Firmware/FW2017/Shared/Servo" --include_path="G:/Data/MAVRIC/MAVRIC_Firmware/FW2017/Shared/Timer" --include_path="G:/Data/MAVRIC/MAVRIC_Firmware/FW2017/Shared/UART" --include_path="C:/TI/ccsv6/ccs_base/arm/include" --include_path="C:/TI/ccsv6/ccs_base/arm/include/CMSIS" --include_path="C:/TI/ccsv6/tools/compiler/ti-cgt-arm_16.6.0.STS/include" --advice:power="all" --define=__MSP432P401R__ --define=TARGET_IS_MSP432P4XX --define=ccs -g --gcc --diag_warning=225 --diag_wrap=off --display_error_number --abi=eabi --preproc_with_compile --preproc_dependency="startup_msp432p401r_ccs.d"  "../startup_msp432p401r_ccs.c"
'Finished building: ../startup_msp432p401r_ccs.c'
' '
'Building file: ../system_msp432p401r.c'
'Invoking: MSP432 Compiler'
"C:/TI/ccsv6/tools/compiler/ti-cgt-arm_16.6.0.STS/bin/armcl" -mv7M4 --code_state=16 --float_support=FPv4SPD16 -me -Ooff --opt_for_speed=0 --fp_mode=strict --include_path="G:/Data/MAVRIC/MAVRIC_Firmware/FW2017/Shared/Buffers" --include_path="G:/Data/MAVRIC/MAVRIC_Firmware/FW2017/Shared/Device" --include_path="G:/Data/MAVRIC/MAVRIC_Firmware/FW2017/Shared/I2C" --include_path="G:/Data/MAVRIC/MAVRIC_Firmware/FW2017/Shared/Servo" --include_path="G:/Data/MAVRIC/MAVRIC_Firmware/FW2017/Shared/Timer" --include_path="G:/Data/MAVRIC/MAVRIC_Firmware/FW2017/Shared/UART" --include_path="C:/TI/ccsv6/ccs_base/arm/include" --include_path="C:/TI/ccsv6/ccs_base/arm/include/CMSIS" --include_path="C:/TI/ccsv6/tools/compiler/ti-cgt-arm_16.6.0.STS/include" --advice:power="all" --define=__MSP432P401R__ --define=TARGET_IS_MSP432P4XX --define=ccs -g --gcc --diag_warning=225 --diag_wrap=off --display_error_number --abi=eabi --preproc_with_compile --preproc_dependency="system_msp432p401r.d"  "../system_msp432p401r.c"
"../system_msp432p401r.c", line 112: remark #2623-D: (ULP 5.4) Detected an assignment to a type with size less than int. To avoid unnecessary sign extension, use int-sized types for local varaibles and convert to smaller types for static storage.
"../system_msp432p401r.c", line 160: remark #2623-D: (ULP 5.4) Detected an assignment to a type with size less than int. To avoid unnecessary sign extension, use int-sized types for local varaibles and convert to smaller types for static storage.
"../system_msp432p401r.c", line 193: remark #2623-D: (ULP 5.4) Detected an assignment to a type with size less than int. To avoid unnecessary sign extension, use int-sized types for local varaibles and convert to smaller types for static storage.
"../system_msp432p401r.c", line 376: remark #1528-D: (ULP 3.1) Detected flag polling using PCM_CTL1_PMR_BUSY. Recommend using an interrupt combined with enter LPMx and ISR
"../system_msp432p401r.c", line 378: remark #1528-D: (ULP 3.1) Detected flag polling using PCM_CTL1_PMR_BUSY. Recommend using an interrupt combined with enter LPMx and ISR
'Finished building: ../system_msp432p401r.c'
' '
'Building target: UART.out'
'Invoking: MSP432 Linker'
"C:/TI/ccsv6/tools/compiler/ti-cgt-arm_16.6.0.STS/bin/armcl" -mv7M4 --code_state=16 --float_support=FPv4SPD16 -me -Ooff --opt_for_speed=0 --fp_mode=strict --advice:power="all" --define=__MSP432P401R__ --define=TARGET_IS_MSP432P4XX --define=ccs -g --gcc --diag_warning=225 --diag_wrap=off --display_error_number --abi=eabi -z -m"UART.map" --heap_size=1024 --stack_size=512 -i"C:/TI/ccsv6/ccs_base/arm/include" -i"C:/TI/ccsv6/tools/compiler/ti-cgt-arm_16.6.0.STS/lib" -i"C:/TI/ccsv6/tools/compiler/ti-cgt-arm_16.6.0.STS/include" --reread_libs --diag_wrap=off --display_error_number --warn_sections --xml_link_info="UART_linkInfo.xml" --rom_model -o "UART.out" "./main.obj" "./startup_msp432p401r_ccs.obj" "./system_msp432p401r.obj" "../msp432p401r.cmd"  -l"G:/Data/MAVRIC/MAVRIC_Firmware/FW2017/Shared/Debug/Shared.lib" -llibc.a 
<Linking>
remark #10371-D: (ULP 1.1) Detected no uses of low power mode state changing instructions
remark #10372-D: (ULP 4.1) Detected uninitialized Port 1 in this project. Recommend initializing all unused ports to eliminate wasted current consumption on unused pins.
remark #10372-D: (ULP 4.1) Detected uninitialized Port 2 in this project. Recommend initializing all unused ports to eliminate wasted current consumption on unused pins.
remark #10372-D: (ULP 4.1) Detected uninitialized Port 3 in this project. Recommend initializing all unused ports to eliminate wasted current consumption on unused pins.
remark #10372-D: (ULP 4.1) Detected uninitialized Port 4 in this project. Recommend initializing all unused ports to eliminate wasted current consumption on unused pins.
remark #10372-D: (ULP 4.1) Detected uninitialized Port 5 in this project. Recommend initializing all unused ports to eliminate wasted current consumption on unused pins.
remark #10372-D: (ULP 4.1) Detected uninitialized Port 6 in this project. Recommend initializing all unused ports to eliminate wasted current consumption on unused pins.
remark #10372-D: (ULP 4.1) Detected uninitialized Port 7 in this project. Recommend initializing all unused ports to eliminate wasted current consumption on unused pins.
remark #10372-D: (ULP 4.1) Detected uninitialized Port 8 in this project. Recommend initializing all unused ports to eliminate wasted current consumption on unused pins.
remark #10372-D: (ULP 4.1) Detected uninitialized Port 9 in this project. Recommend initializing all unused ports to eliminate wasted current consumption on unused pins.
remark #10372-D: (ULP 4.1) Detected uninitialized Port 10 in this project. Recommend initializing all unused ports to eliminate wasted current consumption on unused pins.
'Finished building target: UART.out'
' '

**** Build Finished ****
